/*C1*/SET SCHEMA SYSTEM_LOBS
INSERT INTO BLOCKS VALUES(0,2147483647,0)
COMMIT
/*C2*/SET SCHEMA PUBLIC
DISCONNECT
/*C4*/SET SCHEMA PUBLIC
DISCONNECT
/*C5*/SET SCHEMA PUBLIC
CREATE TABLE Director (id INTEGER NOT NULL, name VARCHAR(255), PRIMARY KEY (id))
CREATE TABLE Director_Movie (DIRECTOR_ID INTEGER, MOVIES_ID INTEGER)
CREATE TABLE Movie (id INTEGER NOT NULL, title VARCHAR(255), PRIMARY KEY (id))
CREATE TABLE OPENJPA_SEQUENCE_TABLE (ID TINYINT NOT NULL, SEQUENCE_VALUE BIGINT, PRIMARY KEY (ID))
CREATE INDEX I_DRCT_MV_DIRECTOR_ID ON Director_Movie (DIRECTOR_ID)
CREATE INDEX I_DRCT_MV_ELEMENT ON Director_Movie (MOVIES_ID)
INSERT INTO OPENJPA_SEQUENCE_TABLE VALUES(0,1)
COMMIT
DELETE FROM OPENJPA_SEQUENCE_TABLE WHERE ID=0
INSERT INTO OPENJPA_SEQUENCE_TABLE VALUES(0,51)
COMMIT
/*C3*/SET SCHEMA PUBLIC
INSERT INTO DIRECTOR VALUES(1,'Steven Spielberg')
COMMIT
/*C5*/DELETE FROM OPENJPA_SEQUENCE_TABLE WHERE ID=0
INSERT INTO OPENJPA_SEQUENCE_TABLE VALUES(0,101)
COMMIT
/*C3*/INSERT INTO MOVIE VALUES(51,'Jurassic Park')
INSERT INTO DIRECTOR_MOVIE VALUES(1,51)
COMMIT
INSERT INTO MOVIE VALUES(52,'E.T. the Extra-Terrestrial')
INSERT INTO DIRECTOR_MOVIE VALUES(1,52)
COMMIT
INSERT INTO DIRECTOR VALUES(2,'George Lucas')
COMMIT
INSERT INTO MOVIE VALUES(53,'Star Wars')
INSERT INTO DIRECTOR_MOVIE VALUES(2,53)
COMMIT
INSERT INTO MOVIE VALUES(54,'Return of the Jedi')
INSERT INTO DIRECTOR_MOVIE VALUES(2,54)
COMMIT
INSERT INTO DIRECTOR VALUES(3,'Steven Spielberg')
COMMIT
INSERT INTO MOVIE VALUES(55,'Jurassic Park')
INSERT INTO DIRECTOR_MOVIE VALUES(3,55)
COMMIT
INSERT INTO MOVIE VALUES(56,'E.T. the Extra-Terrestrial')
INSERT INTO DIRECTOR_MOVIE VALUES(3,56)
COMMIT
INSERT INTO DIRECTOR VALUES(4,'George Lucas')
COMMIT
INSERT INTO MOVIE VALUES(57,'Star Wars')
INSERT INTO DIRECTOR_MOVIE VALUES(4,57)
COMMIT
INSERT INTO MOVIE VALUES(58,'Return of the Jedi')
INSERT INTO DIRECTOR_MOVIE VALUES(4,58)
COMMIT
